生成启动时间为 2015/8/18 星期二 22:38:25。
     1>项目“E:\Projects\GitHub\RuneWordsGameEngine\RWGE\RWGE\RWGE.vcxproj”在节点 2 上(Build 个目标)。
     1>ClCompile:
         C:\Program Files (x86)\Microsoft Visual Studio 12.0\VC\bin\CL.exe /c /ZI /nologo /W3 /WX- /sdl /Od /Oy- /D _MBCS /Gm /EHsc /RTC1 /MDd /GS /fp:precise /Zc:wchar_t /Zc:forScope /Fo"Debug\\" /Fd"Debug\vc120.pdb" /Gd /TP /analyze- /errorReport:prompt Window.cpp
         Window.cpp
       Lib:
         C:\Program Files (x86)\Microsoft Visual Studio 12.0\VC\bin\Lib.exe /OUT:"E:\Projects\GitHub\RuneWordsGameEngine\RWGE\Debug\RWGE.lib" /NOLOGO Debug\Animation.obj
         Debug\Application.obj
         Debug\AppDelegate.obj
         Debug\Camera.obj
         Debug\Graphics.obj
         Debug\InputListener.obj
         Debug\InputManager.obj
         Debug\Light.obj
         Debug\Mesh.obj
         Debug\Scene.obj
         Debug\SceneManager.obj
         Debug\Sprite.obj
         Debug\Viewport.obj
         Debug\Window.obj
         RWGE.vcxproj -> E:\Projects\GitHub\RuneWordsGameEngine\RWGE\Debug\RWGE.lib
     1>已完成生成项目“E:\Projects\GitHub\RuneWordsGameEngine\RWGE\RWGE\RWGE.vcxproj”(Build 个目标)的操作。

生成成功。

已用时间 00:00:00.51
