e:\projects\github\runewordsgameengine\rwge\rwge\debug\vc120.pdb
e:\projects\github\runewordsgameengine\rwge\rwge\debug\vc120.idb
e:\projects\github\runewordsgameengine\rwge\rwge\debug\animation.obj
e:\projects\github\runewordsgameengine\rwge\rwge\debug\application.obj
e:\projects\github\runewordsgameengine\rwge\rwge\debug\appdelegate.obj
e:\projects\github\runewordsgameengine\rwge\rwge\debug\camera.obj
e:\projects\github\runewordsgameengine\rwge\rwge\debug\inputlistener.obj
e:\projects\github\runewordsgameengine\rwge\rwge\debug\inputmanager.obj
e:\projects\github\runewordsgameengine\rwge\rwge\debug\mesh.obj
e:\projects\github\runewordsgameengine\rwge\rwge\debug\scene.obj
e:\projects\github\runewordsgameengine\rwge\rwge\debug\scenemanager.obj
e:\projects\github\runewordsgameengine\rwge\rwge\debug\sprite.obj
e:\projects\github\runewordsgameengine\rwge\rwge\debug\viewport.obj
e:\projects\github\runewordsgameengine\rwge\rwge\debug\window.obj
e:\projects\github\runewordsgameengine\rwge\rwge\debug\graphics.obj
e:\projects\github\runewordsgameengine\rwge\debug\rwge.lib
e:\projects\github\runewordsgameengine\rwge\rwge\debug\rwge.tlog\cl.command.1.tlog
e:\projects\github\runewordsgameengine\rwge\rwge\debug\rwge.tlog\cl.read.1.tlog
e:\projects\github\runewordsgameengine\rwge\rwge\debug\rwge.tlog\cl.write.1.tlog
e:\projects\github\runewordsgameengine\rwge\rwge\debug\rwge.tlog\lib-link.read.1.tlog
e:\projects\github\runewordsgameengine\rwge\rwge\debug\rwge.tlog\lib-link.write.1.tlog
e:\projects\github\runewordsgameengine\rwge\rwge\debug\rwge.tlog\lib.command.1.tlog
